<?xml version="1.0" encoding="UTF-8"?>
<!-- Generated by org.testng.reporters.JUnitReportReporter -->
<testsuite hostname="THQ1LTAMOMAR" name="app.crossover.com.gmail.testcases" tests="2" failures="0" timestamp="21 Oct 2018 15:49:57 GMT" time="76.581" errors="0">
  <testcase name="ComposeEmail" time="46.049" classname="app.crossover.com.gmail.testcases"/>
  <testcase name="CheckReceiver" time="30.532" classname="app.crossover.com.gmail.testcases"/>
</testsuite> <!-- app.crossover.com.gmail.testcases -->
